<?xml version="1.0" encoding="UTF-8"?>
<!-- Generated by org.testng.reporters.JUnitXMLReporter -->
<testsuite ignored="3" hostname="LAPTOP-EUJ9HT1D" failures="0" tests="1" name="Default test" time="0.463" errors="0" timestamp="2021-08-12T05:25:22 IST">
  <testcase classname="database.ConnectMySQLDatabase" name="test_Delete" time="0.431"/>
  <testcase classname="database.ConnectMySQLDatabase" name="test_Insert" time="0.0">
    <ignored/>
  </testcase> <!-- test_Insert -->
  <testcase classname="database.ConnectMySQLDatabase" name="test_Update" time="0.0">
    <ignored/>
  </testcase> <!-- test_Update -->
  <testcase classname="database.ConnectMySQLDatabase" name="testDBConnection" time="0.0">
    <ignored/>
  </testcase> <!-- testDBConnection -->
</testsuite> <!-- Default test -->
