<?xml version="1.0" encoding="UTF-8"?>
<!-- Generated by org.testng.reporters.JUnitXMLReporter -->
<testsuite ignored="0" hostname="LAPTOP-EUJ9HT1D" failures="0" tests="3" name="Testing" time="0.048" errors="0" timestamp="2021-08-05T12:23:11 IST">
  <testcase classname="grouping_tcs.TestNG_Grouping" name="methodOne" time="0.007"/>
  <testcase classname="grouping_tcs.TestNG_Grouping" name="methodThree" time="0.001"/>
  <testcase classname="grouping_tcs.TestNG_Grouping" name="methodTwo" time="0.001"/>
</testsuite> <!-- Testing -->
