<?xml version="1.0" encoding="UTF-8"?>
<testng-results ignored="3" total="4" passed="1" failed="0" skipped="0">
  <reporter-output>
  </reporter-output>
  <suite started-at="2021-08-12T05:25:22 IST" name="Default suite" finished-at="2021-08-12T05:25:22 IST" duration-ms="463">
    <groups>
    </groups>
    <test started-at="2021-08-12T05:25:22 IST" name="Default test" finished-at="2021-08-12T05:25:22 IST" duration-ms="463">
      <class name="database.ConnectMySQLDatabase">
        <test-method signature="test_Delete()[pri:0, instance:database.ConnectMySQLDatabase@69e1dd28]" started-at="2021-08-12T05:25:22 IST" name="test_Delete" finished-at="2021-08-12T05:25:22 IST" duration-ms="431" status="PASS">
          <reporter-output>
          </reporter-output>
        </test-method> <!-- test_Delete -->
      </class> <!-- database.ConnectMySQLDatabase -->
    </test> <!-- Default test -->
  </suite> <!-- Default suite -->
</testng-results>
